<?xml version="1.0" encoding="UTF-8"?>
<testsuites name="ts 1001 verify all page" time="11.275" tests="1" failures="0" errors="0">
   <testsuite name="ts 1001 verify all page" tests="1" failures="0" errors="0" time="11.275" skipped="0" timestamp="2566-03-03 11:10:12" hostname="Administrator - 10.53.16.229" id="Test Suites/ts 1001 verify all page">
      <properties>
         <property name="deviceName" value=""/>
         <property name="devicePlatform" value=""/>
         <property name="logFolder" value="C:\\Users\\Administrator\\Katalon Studio\\VerifyPage\\Reports\\25660303_111006\\ts 1001 verify all page\\25660303_111006"/>
         <property name="logFiles" value="C:\\Users\\Administrator\\Katalon Studio\\VerifyPage\\Reports\\25660303_111006\\ts 1001 verify all page\\25660303_111006\\execution0.log"/>
         <property name="attachments" value="C:\\Users\\Administrator\\Katalon Studio\\VerifyPage\\Reports\\25660303_111006\\ts 1001 verify all page\\25660303_111006\\1677816618953.png"/>
         <property name="hostName" value="Administrator - 10.53.16.229"/>
         <property name="os" value="Windows 10 64bit"/>
         <property name="katalonVersion" value="8.5.5.208"/>
         <property name="browser" value="Chrome 110.0.0.0"/>
         <property name="hostAddress" value="10.53.16.229"/>
         <property name="sessionId" value="d3308aba44238b6195a9859c20bb9ce3"/>
         <property name="seleniumVersion" value="3.141.59"/>
         <property name="proxyInformation" value="ProxyInformation { proxyOption=NO_PROXY, proxyServerType=HTTP, username=, password=********, proxyServerAddress=, proxyServerPort=0, executionList=&quot;&quot;, isApplyToDesiredCapabilities=true }"/>
         <property name="platform" value="Windows 10"/>
      </properties>
      <testcase name="Test Cases/tc1001 VerifyPage" time="11.074" classname="Test Cases/tc1001 VerifyPage" status="PASSED">
         <system-out><![CDATA[2566-03-03 11:10:12 - [TEST_CASE][PASSED] - Test Cases/tc1001 VerifyPage: Test Cases/tc1001 VerifyPage

2566-03-03 11:10:12 - [TEST_STEP][PASSED] - openBrowser(""): Browser is opened with url: ''

2566-03-03 11:10:12 - [MESSAGE][INFO] - Starting 'Chrome' driver

2566-03-03 11:10:12 - [MESSAGE][INFO] - Action delay is set to 0 milliseconds

2566-03-03 11:10:14 - [MESSAGE][PASSED] - Browser is opened with url: ''

2566-03-03 11:10:14 - [TEST_STEP][PASSED] - navigateToUrl("https://www.cloudnative-skill.com/register"): Navigate to 'https://www.cloudnative-skill.com/register' successfully

2566-03-03 11:10:17 - [MESSAGE][PASSED] - Navigate to 'https://www.cloudnative-skill.com/register' successfully

2566-03-03 11:10:17 - [TEST_STEP][PASSED] - verifyTextPresent("Register", false): Text 'Register' is present on page 

2566-03-03 11:10:17 - [MESSAGE][PASSED] - Text 'Register' is present on page 

2566-03-03 11:10:17 - [TEST_STEP][PASSED] - title = getWindowTitle(): Current window's title is: 'Modern Software Development Toolchains'

2566-03-03 11:10:17 - [MESSAGE][PASSED] - Current window's title is: 'Modern Software Development Toolchains'

2566-03-03 11:10:17 - [TEST_STEP][PASSED] - verifyMatch(title, "Modern Software Development Toolchains", false): Actual text 'Modern Software Development Toolchains' and expected text 'Modern Software Development Toolchains' are matched 

2566-03-03 11:10:17 - [MESSAGE][PASSED] - Actual text 'Modern Software Development Toolchains' and expected text 'Modern Software Development Toolchains' are matched 

2566-03-03 11:10:17 - [TEST_STEP][PASSED] - brachtext = getAttribute(findTestObject("brach_dispaly_text"), "placeholder"): Attribute 'placeholder' of object 'Object Repository/brach_dispaly_text' is: 'เช่น สำนักงานใหญ่'

2566-03-03 11:10:18 - [MESSAGE][PASSED] - Attribute 'placeholder' of object 'Object Repository/brach_dispaly_text' is: 'เช่น สำนักงานใหญ่'

2566-03-03 11:10:18 - [TEST_STEP][PASSED] - verifyMatch(brachtext, "เช่น สำนักงานใหญ่", false): Actual text 'เช่น สำนักงานใหญ่' and expected text 'เช่น สำนักงานใหญ่' are matched 

2566-03-03 11:10:18 - [MESSAGE][PASSED] - Actual text 'เช่น สำนักงานใหญ่' and expected text 'เช่น สำนักงานใหญ่' are matched 

2566-03-03 11:10:18 - [TEST_STEP][PASSED] - verifyElementNotChecked(findTestObject("chack_html"), 0): Object 'Object Repository/chack_html' is not checked

2566-03-03 11:10:18 - [MESSAGE][WARNING] - Timeout '0' is invalid. Using default page load timeout: '30'

2566-03-03 11:10:18 - [MESSAGE][PASSED] - Object 'Object Repository/chack_html' is not checked

2566-03-03 11:10:18 - [TEST_STEP][PASSED] - verifyElementNotClickable(findTestObject("voie_name"), STOP_ON_FAILURE): Object 'Object Repository/voie_name' is NOT clickable

2566-03-03 11:10:18 - [MESSAGE][PASSED] - Object 'Object Repository/voie_name' is NOT clickable

2566-03-03 11:10:18 - [TEST_STEP][PASSED] - takeScreenshot(findTestObject(null)): Taking screenshot successfully

2566-03-03 11:10:18 - [MESSAGE][WARNING] - Test object id is null

2566-03-03 11:10:19 - [MESSAGE][PASSED] - Taking screenshot successfully
[[ATTACHMENT|C:\\Users\\Administrator\\Katalon Studio\\VerifyPage\\Reports\\25660303_111006\\ts 1001 verify all page\\25660303_111006\\1677816618953.png]]

2566-03-03 11:10:19 - [TEST_STEP][PASSED] - click(findTestObject("address_voie_option2")): Object: 'Object Repository/address_voie_option2' is clicked on

2566-03-03 11:10:21 - [MESSAGE][PASSED] - Object: 'Object Repository/address_voie_option2' is clicked on

2566-03-03 11:10:21 - [TEST_STEP][PASSED] - verifyElementClickable(findTestObject("voie_name")): Object 'Object Repository/voie_name' is clickable

2566-03-03 11:10:21 - [MESSAGE][PASSED] - Object 'Object Repository/voie_name' is clickable

2566-03-03 11:10:21 - [TEST_STEP][PASSED] - setText(findTestObject("birthday_in"), "12/02/2546"): Text '12/02/2546' is set on object 'Object Repository/birthday_in'

2566-03-03 11:10:22 - [MESSAGE][PASSED] - Text '12/02/2546' is set on object 'Object Repository/birthday_in'

2566-03-03 11:10:22 - [TEST_STEP][PASSED] - sendKeys(findTestObject("birthday_in"), Keys.chord(ENTER)): Keys 'ENTER + ' sent to object: 'Object Repository/birthday_in'

2566-03-03 11:10:23 - [MESSAGE][PASSED] - Keys 'ENTER + ' sent to object: 'Object Repository/birthday_in'

2566-03-03 11:10:23 - [TEST_STEP][PASSED] - auto_age = getAttribute(findTestObject("auto_age"), "value"): Attribute 'value' of object 'Object Repository/auto_age' is: '20'

2566-03-03 11:10:23 - [MESSAGE][PASSED] - Attribute 'value' of object 'Object Repository/auto_age' is: '20'

2566-03-03 11:10:23 - [TEST_STEP][PASSED] - verifyMatch(auto_age, "20", false): Actual text '20' and expected text '20' are matched 

2566-03-03 11:10:23 - [MESSAGE][PASSED] - Actual text '20' and expected text '20' are matched]]></system-out>
         <system-err><![CDATA[]]></system-err>
      </testcase>
      <system-out><![CDATA[2566-03-03 11:10:12 - [TEST_SUITE][PASSED] - ts 1001 verify all page: Test Cases/tc1001 VerifyPage]]></system-out>
      <system-err><![CDATA[]]></system-err>
   </testsuite>
</testsuites>
